C51 COMPILER V8.16   DISPLAY                                                               01/14/2023 21:46:51 PAGE 1   


C51 COMPILER V8.16, COMPILATION OF MODULE DISPLAY
OBJECT MODULE PLACED IN display.OBJ
COMPILER INVOKED BY: C:\Keil\C51\BIN\C51.EXE display.c LARGE BROWSE DEBUG OBJECTEXTEND

line level    source

   1          #include "display.h"
   2          #include <intrins.h>
   3          
   4          void initP1P3(void) {                   //inicijalizacija portova koji se koriste za LCD !
   5   1      
   6   1              P1=0xE0;
   7   1              P3=0xF9;
   8   1      }
   9          
  10          void wait1s(void) {                             //posle inicijalizacije portova se ceka 1 sekund
  11   1                         
  12   1              unsigned char i;
  13   1      
  14   1              TMOD = (TMOD&0xF0)|0x01;        //TMOD TIMER0 U 16 BITNOM REZIMU
  15   1              
  16   1              for(i=0;i<200;i++) {
  17   2      
  18   2                      TH0=0xEE;                               //5ms
  19   2                      TL0=0x00;                               //2 razlicita timera
  20   2                      TR0=1;                                  //jedan se koristi za lcd - za njega nisu omoguceni prekidi
  21   2                      while(!TF0) {}            
  22   2                              TF0=0;                           
  23   2              }                                                 
  24   1      }
  25          
  26          void wait50micro(void) {
  27   1      
  28   1               TH0=0x0FF;
  29   1               TL0=0xD2;
  30   1               TR0=1;                                    //isto kao prethodna samo sto brojis samo 50 mikrosekundi i to samo jednom!
  31   1                      while(!TF0) {}
  32   1                              TF0=0;   
  33   1      }
  34          
  35          void wait2ms(void) {
  36   1              
  37   1              
  38   1              TH0=0x0F8;                              //isto kao prethodno samo se broji do 2ms
  39   1              TL0=0xCD;
  40   1              TR0=1;
  41   1              while(!TF0) {}
  42   1                              TF0=0;
  43   1                              
  44   1      }
  45          
  46          void initDisplay(void) {         //ovo je inicijalizacija displeja na cetvorobitni rezim rada. 
  47   1                                       
  48   1              initP1P3();     
  49   1      
  50   1              wait1s();
  51   1      
  52   1              LCD_RS=0;                                       //functionset
  53   1              LCD_EN=1;
  54   1              LCD_D7=0;
  55   1              LCD_D6=0;                                       //kada se inicijalizuje lcd i kada mu se salju naredbe to se radi ovako:
C51 COMPILER V8.16   DISPLAY                                                               01/14/2023 21:46:51 PAGE 2   

  56   1              LCD_D5=1;
  57   1              LCD_D4=0;                                       //postavlja se RS na nulu. (RS=1 SAMO KADA SE SALJU PODACI ZA ISPIS NA LCD) 
  58   1              LCD_EN=0;                                   //posalju se gornja 4 bita naredbe, svaki put kad se salju 4 bita ide EN=1; pa se postav
             -e podaci na pinove porta P1; pa EN=0;
  59   1                                                                  // ceka se _nop_() - to je funkcija za cekanje- i onda se salju donja 4 bita na isti nacin.
  60   1              wait50micro();
  61   1                      
  62   1              LCD_RS=0;                 
  63   1              LCD_EN=1;
  64   1              LCD_D7=0;
  65   1              LCD_D6=0;
  66   1              LCD_D5=1;
  67   1              LCD_D4=0;
  68   1              LCD_EN=0;
  69   1              
  70   1              _nop_();
  71   1      
  72   1              LCD_RS=0;                 
  73   1              LCD_EN=1;
  74   1              LCD_D7=1;               
  75   1              LCD_D6=0;
  76   1              LCD_D5=0;
  77   1              LCD_D4=0;
  78   1              LCD_EN=0;
  79   1      
  80   1              wait50micro();
  81   1      
  82   1              //display on, cursor on, blink on
  83   1              LCD_RS=0;                 
  84   1              LCD_EN=1;
  85   1              LCD_D7=0;
  86   1              LCD_D6=0;
  87   1              LCD_D5=0;
  88   1              LCD_D4=0;
  89   1              LCD_EN=0;
  90   1              
  91   1              _nop_();
  92   1      
  93   1              LCD_RS=0;                 
  94   1              LCD_EN=1;
  95   1              LCD_D7=1;
  96   1              LCD_D6=1;
  97   1              LCD_D5=1;
  98   1              LCD_D4=1;
  99   1              LCD_EN=0;
 100   1      
 101   1              wait50micro();  
 102   1      
 103   1              //display clear
 104   1      
 105   1              LCD_RS=0;                 
 106   1              LCD_EN=1;
 107   1              LCD_D7=0;
 108   1              LCD_D6=0;
 109   1              LCD_D5=0;
 110   1              LCD_D4=0;
 111   1              LCD_EN=0;
 112   1              
 113   1              _nop_();
 114   1      
 115   1              LCD_RS=0;                 
 116   1              LCD_EN=1;
C51 COMPILER V8.16   DISPLAY                                                               01/14/2023 21:46:51 PAGE 3   

 117   1              LCD_D7=0;
 118   1              LCD_D6=0;
 119   1              LCD_D5=0;
 120   1              LCD_D4=1;
 121   1              LCD_EN=0;
 122   1      
 123   1              wait2ms();
 124   1              wait2ms();
 125   1      
 126   1          LCD_RS=0;             
 127   1              LCD_EN=1;
 128   1              LCD_D7=0;
 129   1              LCD_D6=0;
 130   1              LCD_D5=0;
 131   1              LCD_D4=0;
 132   1              LCD_EN=0;
 133   1              
 134   1              _nop_();
 135   1      
 136   1              LCD_RS=0;                 
 137   1              LCD_EN=1;
 138   1              LCD_D7=0;
 139   1              LCD_D6=1;
 140   1              LCD_D5=1;
 141   1              LCD_D4=0;
 142   1              LCD_EN=0;
 143   1              wait50micro();  
 144   1                         
 145   1              wait2ms();
 146   1              LCD_BL=1;
 147   1      }
 148          
 149          void clearDisplay(void) {                               //funkcija koja brise sve sto pise na displeju
 150   1          LCD_RS=0;             
 151   1              LCD_EN=1;
 152   1              LCD_D7=0;
 153   1              LCD_D6=0;
 154   1              LCD_D5=0;
 155   1              LCD_D4=0;
 156   1              LCD_EN=0;
 157   1              
 158   1              _nop_();
 159   1      
 160   1              LCD_RS=0;                 
 161   1              LCD_EN=1;
 162   1              LCD_D7=0;
 163   1              LCD_D6=0;
 164   1              LCD_D5=0;
 165   1              LCD_D4=1;
 166   1              LCD_EN=0;
 167   1              wait2ms();
 168   1              wait2ms();
 169   1      
 170   1      }
 171                  
 172          bit getbit(unsigned char n, unsigned char k){              //funkcija koja vraca bit koji se nalazi na poziciji n
 173   1              unsigned char mask =  1 << k;                                      //ova funkcija se koristi za ispisivanje karaktera na lcd
 174   1              unsigned char masked_n = n & mask;                                 //za svaki karakter se cita svih 8 bita i salju se na lcd u funk
             -ciji writeChar
 175   1              bit thebit = masked_n >> k;
 176   1              return thebit;
 177   1      }
C51 COMPILER V8.16   DISPLAY                                                               01/14/2023 21:46:51 PAGE 4   

 178          
 179          void writeChar(unsigned char karakter) {   //funkcija koja pise 1 karakter na displej- uzima bite iz karak
             -tera i salje ih na displej
 180   1              LCD_RS=1;
 181   1              LCD_EN=1;                                         
 182   1              LCD_D7=getbit(karakter,7);
 183   1              LCD_D6=getbit(karakter,6);
 184   1              LCD_D5=getbit(karakter,5);
 185   1              LCD_D4=getbit(karakter,4);
 186   1              LCD_EN=0;
 187   1              _nop_();
 188   1              LCD_EN=1;
 189   1              LCD_D7=getbit(karakter,3);
 190   1              LCD_D6=getbit(karakter,2);
 191   1              LCD_D5=getbit(karakter,1);
 192   1              LCD_D4=getbit(karakter,0);
 193   1              LCD_EN=0;
 194   1              wait50micro();
 195   1      }
 196          
 197          void writeLine(unsigned char* message) {        //funkcija koja pise jedan string na displej - iterira kroz stri
             -ng i poziva funkciju writeChar za svako slovo
 198   1              unsigned char n=0;
 199   1              while(message[n]!='\0') {
 200   2                      writeChar(message[n]);
 201   2                      n++;
 202   2                      }
 203   1      }
 204          
 205          void newLine(void) {                                            //funkcija za prelazak u novi red na lcdu
 206   1              LCD_RS=0;
 207   1              LCD_EN=1;       
 208   1              LCD_D7=1;
 209   1              LCD_D6=1;
 210   1              LCD_D5=0;
 211   1              LCD_D4=0;
 212   1              LCD_EN=0;
 213   1              _nop_();
 214   1              LCD_EN=1;
 215   1              LCD_D7=0;
 216   1              LCD_D6=0;
 217   1              LCD_D5=0;
 218   1              LCD_D4=0;
 219   1              LCD_EN=0;
 220   1              wait2ms();
 221   1              wait2ms();
 222   1      }       


MODULE INFORMATION:   STATIC OVERLAYABLE
   CODE SIZE        =    423    ----
   CONSTANT SIZE    =   ----    ----
   XDATA SIZE       =   ----       4
   PDATA SIZE       =   ----    ----
   DATA SIZE        =   ----    ----
   IDATA SIZE       =   ----    ----
   BIT SIZE         =   ----       1
END OF MODULE INFORMATION.


C51 COMPILATION COMPLETE.  0 WARNING(S),  0 ERROR(S)
