C51 COMPILER V8.16   MAIN                                                                  01/09/2023 22:08:23 PAGE 1   


C51 COMPILER V8.16, COMPILATION OF MODULE MAIN
OBJECT MODULE PLACED IN main.OBJ
COMPILER INVOKED BY: C:\Keil\C51\BIN\C51.EXE main.c LARGE BROWSE DEBUG OBJECTEXTEND

line level    source

   1          #include <display.h>
   2          
   3          #define GR_PREKIDAC_1 P0_0
   4          #define GR_PREKIDAC_2 P0_1
   5          #define POTPATOSNI_PREKIDAC_1 P0_2
   6          #define POTPATOSNI_PREKIDAC_2 P0_3
   7          #define RESTART P0_4
   8          
   9          #define MOTOR_UP P2_0
  10          #define MOTOR_DOWN P2_1
  11          #define DIODE P2_7
  12          
  13          // -- Debouncing promjenljive -- //
  14          unsigned char PHS_GR_1    = 1;
  15          unsigned char PHS_GR_2    = 0;
  16          unsigned char PHS_POT_1   = 0;
  17          unsigned char PHS_POT_2   = 0;
  18          unsigned char PHS_RESTART = 0;
  19          
  20          unsigned char CHS_GR_1    = 1;
  21          unsigned char CHS_GR_2    = 0;
  22          unsigned char CHS_POT_1   = 0;
  23          unsigned char CHS_POT_2   = 0;
  24          unsigned char CHS_RESTART = 0;
  25          
  26          unsigned char CSS_GR_1    = 1;
  27          unsigned char CSS_GR_2    = 0;
  28          unsigned char CSS_POT_1   = 0;
  29          unsigned char CSS_POT_2   = 0;
  30          unsigned char CSS_RESTART = 0;
  31          // ----------------------------- //
  32          
  33          
  34          // -- Counteri -- //
  35          unsigned char counter_GR_1    = 0x00;
  36          unsigned char counter_GR_2    = 0x00;
  37          unsigned char counter_POT_1   = 0x00;
  38          unsigned char counter_POT_2   = 0x00;
  39          unsigned char counter_RESTART = 0x00;
  40          unsigned int counter_3s       = 0x00;
  41          unsigned int counter_5s       = 0x00;
  42          unsigned char buffer_counter  = 0x00;
  43          // ------------- //
  44          
  45          // -- Flagovi -- //
  46          bit emergency_stop = 0;
  47          bit diode_flag     = 0;
  48          bit move_ramp      = 0;
  49          bit wait_ramp      = 0;
  50          bit all_filled     = 0;
  51          bit request_in     = 0;
  52          bit request_out    = 0;
  53          bit in_out_flag    = 0;
  54          // ------------- //
  55          
C51 COMPILER V8.16   MAIN                                                                  01/09/2023 22:08:23 PAGE 2   

  56          unsigned char taken_spots =    0x00;
  57          unsigned char buffer[70];
  58          
  59          void checkCurrentState(unsigned char* CHS, unsigned char* PHS, unsigned char* CSS, unsigned char* counter)
             - {
  60   1              
  61   1              if(*CHS == *PHS) {
  62   2                      if(++(*counter) == 0x05) {
  63   3                              *counter = 0x00;
  64   3                              *CSS = *CHS;
  65   3                              return;
  66   3                      }
  67   2              }
  68   1              else {
  69   2                      *counter = 0x00;        
  70   2              }                               
  71   1      }
  72          
  73          void timer_1_interrupt(void) interrupt 3{
  74   1      
  75   1              TH1 = 0xEE;
  76   1              TL1 = 0x00;
  77   1              
  78   1              if(move_ramp) {
  79   2                      
  80   2                      switch(++counter_3s) {
  81   3                              case 150: case 300: case 450:
  82   3                                      DIODE = ~DIODE;
  83   3                                      break;
  84   3                              case 600:
  85   3                                      move_ramp = 0;
  86   3                                      counter_3s = 0x00;
  87   3                                      DIODE = 1;
  88   3                                      break;
  89   3                      }               
  90   2              }
  91   1              
  92   1              if(wait_ramp) {
  93   2                      if(++counter_5s == 1000) {
  94   3                              wait_ramp = 0; counter_5s = 0x00;
  95   3                      }       
  96   2              }       
  97   1              
  98   1              CHS_GR_1    = GR_PREKIDAC_1;
  99   1              CHS_GR_2    = GR_PREKIDAC_2;
 100   1              CHS_POT_1   = POTPATOSNI_PREKIDAC_1;
 101   1              CHS_POT_2   = POTPATOSNI_PREKIDAC_2;
 102   1              CHS_RESTART = RESTART;
 103   1      
 104   1              checkCurrentState(&CHS_GR_1, &PHS_GR_1, &CSS_GR_1, &counter_GR_1);
 105   1              checkCurrentState(&CHS_GR_2, &PHS_GR_2, &CSS_GR_2, &counter_GR_2);
 106   1              checkCurrentState(&CHS_POT_1, &PHS_POT_1, &CSS_POT_1, &counter_POT_1);
 107   1              checkCurrentState(&CHS_POT_2, &PHS_POT_2, &CSS_POT_2, &counter_POT_2);
 108   1              checkCurrentState(&CHS_RESTART, &PHS_RESTART, &CSS_RESTART, &counter_RESTART);
 109   1      
 110   1              PHS_GR_1    = CHS_GR_1;
 111   1              PHS_GR_2    = CHS_GR_2;
 112   1              PHS_POT_1   = CHS_POT_1;
 113   1              PHS_POT_2   = CHS_POT_2;
 114   1              PHS_RESTART = CHS_RESTART;                      
 115   1      }
 116          
C51 COMPILER V8.16   MAIN                                                                  01/09/2023 22:08:23 PAGE 3   

 117          void uart_interrupt(void) interrupt 4{
 118   1      
 119   1              if(TI) {
 120   2                      TI = 0;
 121   2                      if(*(buffer + buffer_counter) != '\0') {
 122   3                              SBUF = *(buffer + buffer_counter++);
 123   3                      }
 124   2                      else {
 125   3                              buffer_counter = 0x00;
 126   3                              *buffer = '\0';
 127   3                      }
 128   2              }
 129   1      } 
 130          
 131          void displayState(void) {
 132   1              
 133   1              clearDisplay();
 134   1              if(!emergency_stop) {
 135   2                      writeLine("PR");
 136   2              }
 137   1              else {
 138   2                      writeLine("PNR");
 139   2              }
 140   1              newLine();
 141   1              writeLine("BZM: ");
 142   1              if(taken_spots < 0x09) {writeChar('0');}
 143   1              else                   {writeChar('1');}
 144   1              
 145   1              writeChar(taken_spots%10 + 0x30);
 146   1      
 147   1              {
 148   2                      unsigned char temp[] = "Stanje: \0";
 149   2                      unsigned char temp_counter = 0x00;
 150   2                      while(*(temp + temp_counter) != '\0') {
 151   3                              *(buffer + buffer_counter++) = *(temp + temp_counter++);
 152   3                      }
 153   2              }
 154   1      
 155   1              {
 156   2                      if(!emergency_stop) {
 157   3                              unsigned char temp[] = "Radi.\n\0";
 158   3                              unsigned char temp_counter = 0x00;
 159   3                              while (*(temp + temp_counter) != '\0') {
 160   4                                      *(buffer + buffer_counter++) = *(temp + temp_counter++);
 161   4                              }               
 162   3                      }
 163   2                      else {
 164   3                              unsigned char temp[] = "Ne radi.\n\0";
 165   3                              unsigned char temp_counter = 0x00;
 166   3                              while (*(temp + temp_counter) != '\0') {
 167   4                                      *(buffer + buffer_counter++) = *(temp + temp_counter++);
 168   4                              }       
 169   3                      }
 170   2              }
 171   1      
 172   1              {
 173   2                      unsigned char temp[] = "Trenutno na parkingu: \0";
 174   2                      unsigned char temp_counter = 0x00;
 175   2                      while (*(temp + temp_counter) != '\0') {
 176   3                                      *(buffer + buffer_counter++) = *(temp + temp_counter++);
 177   3                      }
 178   2              }
C51 COMPILER V8.16   MAIN                                                                  01/09/2023 22:08:23 PAGE 4   

 179   1              
 180   1              {
 181   2                      if(taken_spots < 0x09) {
 182   3                              *(buffer + buffer_counter++) = '0';
 183   3                      }
 184   2                      else {
 185   3                              *(buffer + buffer_counter++) = '1';
 186   3                      }
 187   2                      *(buffer + buffer_counter++) = taken_spots%10 + 0x30;
 188   2                      *(buffer + buffer_counter++) = '\n';
 189   2              }
 190   1              
 191   1              {
 192   2                      unsigned char temp[] = "---------------------\0";
 193   2                      unsigned char temp_counter = 0x00;
 194   2                      while (*(temp + temp_counter) != '\0') {
 195   3                                      *(buffer + buffer_counter++) = *(temp + temp_counter++);
 196   3                      }
 197   2              }
 198   1      
 199   1              *(buffer + buffer_counter++) = '\n';
 200   1              *(buffer + buffer_counter) = '\0';
 201   1              buffer_counter = 0x00;
 202   1              SBUF = *(buffer + buffer_counter++);
 203   1      }
 204          
 205          void initController(void) {
 206   1      
 207   1              EA = 0;
 208   1      
 209   1              initDisplay();
 210   1      
 211   1              // -- Potrebe simulacije, podrazumijevane vrijednosti prekidaca na pocetku -- //
 212   1      
 213   1              GR_PREKIDAC_1 = 0x01;
 214   1              GR_PREKIDAC_2 = 0x00;
 215   1              POTPATOSNI_PREKIDAC_1 = 0x00;
 216   1              POTPATOSNI_PREKIDAC_2 = 0x00;
 217   1              RESTART = 0x00;
 218   1      
 219   1              // -- Inicijalizacija 8-bit UART komunikacije sa promjenljivim baud-rate-om -- //
 220   1      
 221   1              SCON = 0x50;
 222   1              PCON = (PCON & 0x3F) | 0x80;
 223   1              BDRCON = (BDRCON & 0xE0) | 0x1C;
 224   1              BRL = 0xFD;
 225   1              ES = 1;
 226   1      
 227   1              // -- Inicijalizacija tajmera 1 sa 16-bit modom i prekidom na svakih 5ms -- //
 228   1      
 229   1              TH1 = 0xEE;
 230   1              TL1 = 0x00;
 231   1              TMOD = (TMOD & 0x0F) | 0x10;
 232   1              ET1 = 1;
 233   1              TR1 = 1;
 234   1              ET1 = 1;
 235   1      
 236   1              displayState();
 237   1              
 238   1              P2 = 0x00;      
 239   1              DIODE = 1;
 240   1      
C51 COMPILER V8.16   MAIN                                                                  01/09/2023 22:08:23 PAGE 5   

 241   1              EA = 1;
 242   1      } 
 243          
 244          void main(void) {
 245   1              
 246   1              unsigned char CS_GR_1;
 247   1              unsigned char CS_GR_2;
 248   1              unsigned char CS_POT_1;
 249   1              unsigned char CS_POT_2;
 250   1              unsigned char CS_RESTART;
 251   1      
 252   1              unsigned char PS_GR_1;
 253   1              unsigned char PS_GR_2;
 254   1              unsigned char PS_POT_1;
 255   1              unsigned char PS_POT_2;
 256   1              unsigned char PS_RESTART;
 257   1      
 258   1              initController();
 259   1              
 260   1              while(1) {
 261   2                      
 262   2                      CS_GR_1    = CSS_GR_1;
 263   2                      CS_GR_2    = CSS_GR_2;
 264   2                      CS_POT_1   = CSS_POT_1;
 265   2                      CS_POT_2   = CSS_POT_2;
 266   2                      CS_RESTART = CSS_RESTART;
 267   2      
 268   2                      if(!emergency_stop) {
 269   3                              // Ako je ukljucen jedan od potpatosnih prekidaca
 270   3                              if((CS_POT_1 > PS_POT_1 || CS_POT_2 > PS_POT_2) || (request_in || request_out)) {
 271   4                                      // Ako je zahtjev za ulazom, ali parking je pun
 272   4                                      if((CS_POT_1 > PS_POT_1 || request_in) && taken_spots == 0x01) {
 273   5                                              
 274   5                                              // Ispis da ne postoji vise slobodnih mjesta
 275   5                                              {
 276   6                                                      unsigned char temp[] = "Parking zauzet.\n\0";
 277   6                                                      unsigned char temp_counter = 0x00;
 278   6                                                      while(*(temp + temp_counter) != '\0') {
 279   7                                                              *(buffer + buffer_counter++) = *(temp + temp_counter++); 
 280   7                                                      }
 281   6                                              }
 282   5      
 283   5                                              {
 284   6                                                      unsigned char temp[] = "---------------------\n\0";
 285   6                                                      unsigned char temp_counter = 0x00;
 286   6                                                      while (*(temp + temp_counter) != '\0') {
 287   7                                                              *(buffer + buffer_counter++) = *(temp + temp_counter++);
 288   7                                                      }
 289   6                                              }
 290   5      
 291   5                                              *(buffer + buffer_counter) = '\0';
 292   5                                              buffer_counter = 0x00;
 293   5                                              SBUF = *(buffer + buffer_counter++);    
 294   5                                              clearDisplay();
 295   5                                              writeLine("ZAUZ");
 296   5                                              wait1s();
 297   5                                              displayState();                                 
 298   5                                      }
 299   4                                      else {
 300   5                                              // Iniciranje podizanja rampe
 301   5                                              move_ramp = 1;
 302   5                                              while(move_ramp) {MOTOR_UP = 1;}
C51 COMPILER V8.16   MAIN                                                                  01/09/2023 22:08:23 PAGE 6   

 303   5                                              MOTOR_UP = 0;
 304   5                                              wait1s();
 305   5              
 306   5                                              // Ako je rampa uspjesno podignuta, aktivira se granicni prekidac 2
 307   5                                              if(CSS_GR_2) {
 308   6                                                      
 309   6                                                      wait_ramp = 1;
 310   6                                                      // Obezbjedjen je slucaj kada se, tokom dizanja rampe,
 311   6                                                      // pojavi auto sa druge strane. Tada ce rampa cekati 
 312   6                                                      // da oba auta sigurno prodju
 313   6                                                      while(wait_ramp || CSS_POT_1 || CSS_POT_2) {if(CSS_POT_1 && CSS_POT_2) {in_out_flag = 1;}};
 314   6                                                      wait1s();
 315   6                                              }
 316   5                                              // Ako rampa nije uspjesno podignuta, daje se izvjestaj o gresci
 317   5                                              else {emergency_stop = 1; displayState(); continue;}
 318   5                                              if(!in_out_flag) {
 319   6                                                      // Ako je bio zahjev za ulaz, inkrementira se broj zauzetih mjesta
 320   6                                                      if(CS_POT_1 > PS_POT_1 || request_in) {
 321   7                                                              if(++taken_spots == 0x0F) {all_filled = 1;}
 322   7                                                      }
 323   6                                                      // Ako je bio zahtjev za izlaz, dekrementira se broj zauzetih mjesta
 324   6                                                      if(CS_POT_2 > PS_POT_2 || request_out) {
 325   7                                                              if(--taken_spots == 0x0E) {all_filled = 0;}
 326   7                                                      }
 327   6                                              }
 328   5                                              displayState();
 329   5              
 330   5                                              // Iniciranje spustanja rampe
 331   5                                              move_ramp = 1;
 332   5                                              while(move_ramp) {MOTOR_DOWN = 1;}
 333   5                                              MOTOR_DOWN = 0;
 334   5                                              wait1s();
 335   5              
 336   5                                              // Ako rampa nije uspjesno spustena, daje se izvjestaj o gresci 
 337   5                                              if(!CSS_GR_1) {emergency_stop = 1; displayState(); continue;}
 338   5              
 339   5                                              request_in = 0;
 340   5                                              request_out = 0;
 341   5                                              in_out_flag = 0;
 342   5                                      }
 343   4                              }
 344   3                      }
 345   2                      else {
 346   3                              // Ako je prijavljena greska, ceka se pritisak na taster RESTART
 347   3                              // kako bi se rampa ponovo aktivirala
 348   3                              if(CS_RESTART > PS_RESTART) {
 349   4                                      {
 350   5                                              unsigned char temp[] = "Rampa se restartuje...\n\0";
 351   5                                              unsigned char temp_counter = 0x00;
 352   5                                              while(*(temp + temp_counter) != '\0') {
 353   6                                                      *(buffer + buffer_counter++) = *(temp + temp_counter++); 
 354   6                                              }
 355   5                                      }
 356   4      
 357   4                                      {
 358   5                                              unsigned char temp[] = "---------------------\0";
 359   5                                              unsigned char temp_counter = 0x00;
 360   5                                              while (*(temp + temp_counter) != '\0') {
 361   6                                                      *(buffer + buffer_counter++) = *(temp + temp_counter++);
 362   6                                              }
 363   5                                      }
 364   4                                      *(buffer + buffer_counter++) = '\n';
C51 COMPILER V8.16   MAIN                                                                  01/09/2023 22:08:23 PAGE 7   

 365   4                                      *(buffer + buffer_counter) = '\0';
 366   4                                      buffer_counter = 0x00;
 367   4                                      SBUF = *(buffer + buffer_counter++);
 368   4      
 369   4                                      clearDisplay();
 370   4                                      writeLine("RST...");
 371   4                                      wait1s();
 372   4      
 373   4                                      if(CSS_POT_1) {request_in = 1;}
 374   4                                      if(CSS_POT_2) {request_out = 1;} 
 375   4                                      emergency_stop = 0;
 376   4                                      displayState();
 377   4                              }
 378   3                      }
 379   2                      
 380   2                      PS_GR_1    = CS_GR_1;           
 381   2                      PS_GR_2    = CS_GR_2;
 382   2                      PS_POT_1   = CS_POT_1;
 383   2                      PS_POT_2   = CS_POT_2;
 384   2                      PS_RESTART = CS_RESTART;
 385   2              }       
 386   1      }


MODULE INFORMATION:   STATIC OVERLAYABLE
   CODE SIZE        =   2107    ----
   CONSTANT SIZE    =    191    ----
   XDATA SIZE       =     96      73
   PDATA SIZE       =   ----    ----
   DATA SIZE        =   ----    ----
   IDATA SIZE       =   ----    ----
   BIT SIZE         =      8    ----
END OF MODULE INFORMATION.


C51 COMPILATION COMPLETE.  0 WARNING(S),  0 ERROR(S)
